[23:44:21.477][INFO][CraftTweaker-EarlyInit]: CraftTweaker is running on a Minecraft 1.20.1 production server modded with platform Forge
[23:44:21.486][INFO][CraftTweaker-EarlyInit]: Successfully injected RecipeFS file system
[23:44:21.526][INFO][CraftTweaker-Plugins]: Successfully identified and loaded plugin crafttweaker:builtin
[23:44:21.528][INFO][CraftTweaker-Plugins]: Successfully identified and loaded plugin crafttweaker:builtin_forge
[23:44:21.530][INFO][CraftTweaker-Plugins]: Successfully identified and loaded plugin farmersdelight:crafttweaker_plugin
[23:44:22.317][INFO][CraftTweaker]: The following mods have explicit CraftTweaker support through the default plugin:
[23:44:22.318][INFO][CraftTweaker]: - 'crafttweaker' at version '14.0.43'
[23:44:22.318][INFO][CraftTweaker]: - 'farmersdelight' at version '1.20.1-1.2.4'
[23:44:22.318][INFO][CraftTweaker]: - 'modutilspassiveskilltree' at version '1.1.0'
[23:44:32.234][INFO][CraftTweaker-ZenCode]: Started loading scripts for loader 'initialize'
[23:44:32.885][INFO][CraftTweaker-ZenCode]: Compiling and executing scripts
[23:44:32.932][INFO][CraftTweaker-ZenCode]: Successfully initialized modules [crafttweaker, expansions]
[23:44:33.003][INFO][CraftTweaker-ZenCode]: Execution for loader 'initialize' completed successfully
[23:44:45.782][INFO][CraftTweaker-ZenCode]: Started loading scripts for loader 'tags'
[23:44:45.817][INFO][CraftTweaker-ZenCode]: Compiling and executing scripts
[23:44:45.836][INFO][CraftTweaker-ZenCode]: Successfully initialized modules [crafttweaker, expansions]
[23:44:45.848][INFO][CraftTweaker-ZenCode]: Execution for loader 'tags' completed successfully
[23:44:48.462][INFO][CraftTweaker]: crafttweaker.reload.start
[23:44:48.467][INFO][CraftTweaker-ZenCode]: Started loading scripts for loader 'crafttweaker'
[23:44:48.494][INFO][CraftTweaker-ZenCode]: Compiling and executing scripts
[23:44:48.915][INFO][CraftTweaker-ZenCode]: Successfully initialized modules [mods, crafttweaker, expansions]
[23:44:48.928][INFO][CraftTweaker-ZenCode]: Execution for loader 'crafttweaker' completed successfully
[23:44:48.929][INFO][CraftTweaker]: crafttweaker.reload.complete
